\BOOKMARK [1][-]{section*.2}{\376\377\000\315\000n\000d\000i\000c\000e\000\040\000d\000e\000\040\000f\000i\000g\000u\000r\000a\000s}{}% 1
\BOOKMARK [1][-]{section*.3}{\376\377\000\315\000n\000d\000i\000c\000e\000\040\000d\000e\000\040\000c\000u\000a\000d\000r\000o\000s}{}% 2
\BOOKMARK [1][-]{section*.4}{\376\377\000P\000r\000e\000g\000u\000n\000t\000a\000s\000\040\000t\000e\000\363\000r\000i\000c\000a\000s}{}% 3
\BOOKMARK [2][-]{section*.5}{\376\377\000E\000j\000e\000r\000c\000i\000c\000i\000o\000\040\0001\0001\000.\0002\000,\000\040\000R\000o\000m\000e\000r\000\040\000\050\0005\000t\000a\000\040\000E\000d\000i\000c\000i\000o\000n\000\051}{section*.4}% 4
\BOOKMARK [3][-]{section*.6}{\376\377\000E\000j\000e\000r\000c\000i\000c\000i\000o\000\040\000\050\000a\000\051}{section*.5}% 5
\BOOKMARK [3][-]{section*.7}{\376\377\000E\000j\000e\000r\000c\000i\000c\000i\000o\000\040\000\050\000b\000\051}{section*.5}% 6
\BOOKMARK [2][-]{section*.8}{\376\377\000E\000j\000e\000r\000c\000i\000c\000i\000o\000\040\0001\0001\000.\0009\000,\000\040\000R\000o\000m\000e\000r\000\040\000\050\0005\000t\000a\000\040\000E\000d\000i\000c\000i\000o\000n\000\051}{section*.4}% 7
\BOOKMARK [3][-]{section*.9}{\376\377\000E\000j\000e\000r\000c\000i\000c\000i\000o\000\040\000\050\000a\000\051}{section*.8}% 8
\BOOKMARK [3][-]{section*.10}{\376\377\000E\000j\000e\000r\000c\000i\000c\000i\000o\000\040\000\050\000b\000\051}{section*.8}% 9
\BOOKMARK [3][-]{section*.11}{\376\377\000E\000j\000e\000r\000c\000i\000c\000i\000o\000\040\000\050\000c\000\051}{section*.8}% 10
\BOOKMARK [1][-]{section*.12}{\376\377\000E\000j\000e\000r\000c\000i\000c\000i\000o\000s\000\040\000p\000r\000\341\000c\000t\000i\000c\000o\000s}{}% 11
\BOOKMARK [2][-]{section*.13}{\376\377\000E\000j\000e\000r\000c\000i\000c\000i\000o\000\040\0002}{section*.12}% 12
\BOOKMARK [3][-]{section*.14}{\376\377\000\050\000a\000\051}{section*.13}% 13
\BOOKMARK [3][-]{section*.15}{\376\377\000\050\000b\000\051}{section*.13}% 14
\BOOKMARK [3][-]{section*.16}{\376\377\000\050\000c\000\051}{section*.13}% 15
\BOOKMARK [3][-]{section*.17}{\376\377\000\050\000d\000\051}{section*.13}% 16
\BOOKMARK [3][-]{section*.18}{\376\377\000\050\000e\000\051}{section*.13}% 17
\BOOKMARK [3][-]{section*.19}{\376\377\000\050\000f\000\051}{section*.13}% 18
\BOOKMARK [2][-]{section*.20}{\376\377\000E\000j\000e\000r\000c\000i\000c\000i\000o\000\040\0003}{section*.12}% 19
\BOOKMARK [3][-]{section*.21}{\376\377\000a\000\051}{section*.20}% 20
\BOOKMARK [3][-]{section*.22}{\376\377\000b\000\051}{section*.20}% 21
\BOOKMARK [3][-]{section*.23}{\376\377\000c\000\051}{section*.20}% 22
\BOOKMARK [3][-]{section*.24}{\376\377\000d\000\051}{section*.20}% 23
\BOOKMARK [3][-]{section*.25}{\376\377\000e\000\051}{section*.20}% 24
\BOOKMARK [3][-]{section*.26}{\376\377\000f\000\051}{section*.20}% 25
\BOOKMARK [2][-]{section*.27}{\376\377\000E\000j\000e\000r\000c\000i\000c\000i\000o\000\040\0004}{section*.12}% 26
\BOOKMARK [3][-]{section*.28}{\376\377\000\050\000a\000\051}{section*.27}% 27
\BOOKMARK [3][-]{section*.29}{\376\377\000\050\000b\000\051}{section*.27}% 28
\BOOKMARK [3][-]{section*.30}{\376\377\000\050\000c\000\051}{section*.27}% 29
\BOOKMARK [3][-]{section*.31}{\376\377\000\050\000d\000\051}{section*.27}% 30
\BOOKMARK [3][-]{section*.32}{\376\377\000\050\000e\000\051}{section*.27}% 31
\BOOKMARK [3][-]{section*.33}{\376\377\000\050\000f\000\051}{section*.27}% 32
\BOOKMARK [2][-]{section*.34}{\376\377\000E\000j\000e\000r\000c\000i\000c\000i\000o\000\040\0005}{section*.12}% 33
\BOOKMARK [3][-]{section*.35}{\376\377\000\050\000a\000\051}{section*.34}% 34
\BOOKMARK [3][-]{section*.36}{\376\377\000\050\000b\000\051}{section*.34}% 35
\BOOKMARK [3][-]{section*.37}{\376\377\000\050\000d\000\051}{section*.34}% 36
\BOOKMARK [3][-]{section*.38}{\376\377\000\050\000f\000\051}{section*.34}% 37
\BOOKMARK [3][-]{section*.39}{\376\377\000\050\000g\000\051}{section*.34}% 38
\BOOKMARK [3][-]{section*.40}{\376\377\000\050\000h\000\051}{section*.34}% 39
